#
# There is insufficient memory for the Java Runtime Environment to continue.
# Native memory allocation (malloc) failed to allocate 1048576 bytes. Error detail: AllocateHeap
# Possible reasons:
#   The system is out of physical RAM or swap space
#   This process is running with CompressedOops enabled, and the Java Heap may be blocking the growth of the native heap
# Possible solutions:
#   Reduce memory load on the system
#   Increase physical memory or swap space
#   Check if swap backing store is full
#   Decrease Java heap size (-Xmx/-Xms)
#   Decrease number of Java threads
#   Decrease Java thread stack sizes (-Xss)
#   Set larger code cache with -XX:ReservedCodeCacheSize=
#   JVM is running with Zero Based Compressed Oops mode in which the Java heap is
#     placed in the first 32GB address space. The Java Heap base address is the
#     maximum limit for the native heap growth. Please use -XX:HeapBaseMinAddress
#     to set the Java Heap base and to place the Java Heap above 32GB virtual address.
# This output file may be truncated or incomplete.
#
#  Out of Memory Error (allocation.cpp:44), pid=2812, tid=18624
#
# JRE version:  (17.0.11) (build )
# Java VM: OpenJDK 64-Bit Server VM (17.0.11+0--11852314, mixed mode, sharing, tiered, compressed oops, compressed class ptrs, g1 gc, windows-amd64)
# No core dump will be written. Minidumps are not enabled by default on client versions of Windows
#

---------------  S U M M A R Y ------------

Command Line: org.jetbrains.kotlin.cli.jvm.K2JVMCompiler @C:\Users\KIIT\Desktop\Kotlin\Android\Crop Prediction App\app\build\20241227_6572503456650235911.compiler.options

Host: 11th Gen Intel(R) Core(TM) i7-1165G7 @ 2.80GHz, 8 cores, 15G,  Windows 11 , 64 bit Build 26100 (10.0.26100.2454)
Time: Fri Dec 27 16:55:55 2024 India Standard Time elapsed time: 1.026336 seconds (0d 0h 0m 1s)

---------------  T H R E A D  ---------------

Current thread (0x00000181868aa0c0):  JavaThread "Unknown thread" [_thread_in_vm, id=18624, stack(0x00000055dd800000,0x00000055dd900000)]

Stack: [0x00000055dd800000,0x00000055dd900000]
Native frames: (J=compiled Java code, j=interpreted, Vv=VM code, C=native code)
V  [jvm.dll+0x687bb9]
V  [jvm.dll+0x84142a]
V  [jvm.dll+0x8430ae]
V  [jvm.dll+0x843713]
V  [jvm.dll+0x24a35f]
V  [jvm.dll+0xa6cc3]
V  [jvm.dll+0x2e9fe7]
V  [jvm.dll+0x2e1c7b]
V  [jvm.dll+0x811f21]
V  [jvm.dll+0x36fb68]
V  [jvm.dll+0x7f0896]
V  [jvm.dll+0x3f3d2f]
V  [jvm.dll+0x3f58e1]
C  [jli.dll+0x528f]
C  [ucrtbase.dll+0x14ea0]
C  [KERNEL32.DLL+0x2e8d7]
C  [ntdll.dll+0xdfbcc]


---------------  P R O C E S S  ---------------

Threads class SMR info:
_java_thread_list=0x00007fff48acefd8, length=0, elements={
}

Java Threads: ( => current thread )

Other Threads:
  0x0000018186916880 GCTaskThread "GC Thread#0" [stack: 0x00000055dd900000,0x00000055dda00000] [id=17324]

[error occurred during error reporting (printing all threads), id 0xc0000005, EXCEPTION_ACCESS_VIOLATION (0xc0000005) at pc=0x00007fff4827ef30]

VM state: not at safepoint (not fully initialized)

VM Mutex/Monitor currently owned by a thread:  ([mutex/lock_event])
[0x00000181868a5fa0] Heap_lock - owner thread: 0x00000181868aa0c0

Heap address: 0x0000000707000000, size: 3984 MB, Compressed Oops mode: Zero based, Oop shift amount: 3

CDS archive(s) mapped at: [0x0000000000000000-0x0000000000000000-0x0000000000000000), size 0, SharedBaseAddress: 0x0000000800000000, ArchiveRelocationMode: 1.
Narrow klass base: 0x0000000000000000, Narrow klass shift: 0, Narrow klass range: 0x0

GC Precious Log:
<Empty>

Heap:
 garbage-first heap   total 0K, used 0K [0x0000000707000000, 0x0000000800000000)
  region size 2048K, 0 young (0K), 0 survivors (0K)
 Metaspace       used 0K, committed 0K, reserved 0K
  class space    used 0K, committed 0K, reserved 0K

Heap Regions: E=young(eden), S=young(survivor), O=old, HS=humongous(starts), HC=humongous(continues), CS=collection set, F=free, OA=open archive, CA=closed archive, TAMS=top-at-mark-start (previous, next)

Card table byte_map: [0x000001819a010000,0x000001819a7e0000] _byte_map_base: 0x00000181967d8000

GC Heap History (0 events):
No events

Dll operation events (1 events):
Event: 0.006 Loaded shared library C:\Program Files\Android\Android Studio\jbr\bin\java.dll

Deoptimization events (0 events):
No events

Classes unloaded (0 events):
No events

Classes redefined (0 events):
No events

Internal exceptions (0 events):
No events

VM Operations (0 events):
No events

Events (0 events):
No events


Dynamic libraries:
0x00007ff6a6960000 - 0x00007ff6a696a000 	C:\Program Files\Android\Android Studio\jbr\bin\java.exe
0x00007fffbc0e0000 - 0x00007fffbc343000 	C:\WINDOWS\SYSTEM32\ntdll.dll
0x00007fffba240000 - 0x00007fffba308000 	C:\WINDOWS\System32\KERNEL32.DLL
0x00007fffb98d0000 - 0x00007fffb9c82000 	C:\WINDOWS\System32\KERNELBASE.dll
0x00007fffb94e0000 - 0x00007fffb962b000 	C:\WINDOWS\System32\ucrtbase.dll
0x00007fffac1d0000 - 0x00007fffac1e7000 	C:\Program Files\Android\Android Studio\jbr\bin\jli.dll
0x00007fffaecc0000 - 0x00007fffaecdb000 	C:\Program Files\Android\Android Studio\jbr\bin\VCRUNTIME140.dll
0x00007fffbac40000 - 0x00007fffbae08000 	C:\WINDOWS\System32\USER32.dll
0x00007fffa0cf0000 - 0x00007fffa0f80000 	C:\WINDOWS\WinSxS\amd64_microsoft.windows.common-controls_6595b64144ccf1df_6.0.26100.2454_none_3e0b68a2e331ad60\COMCTL32.dll
0x00007fffb94b0000 - 0x00007fffb94d7000 	C:\WINDOWS\System32\win32u.dll
0x00007fffba0d0000 - 0x00007fffba179000 	C:\WINDOWS\System32\msvcrt.dll
0x00007fffba0a0000 - 0x00007fffba0ca000 	C:\WINDOWS\System32\GDI32.dll
0x00007fffb9c90000 - 0x00007fffb9dbb000 	C:\WINDOWS\System32\gdi32full.dll
0x00007fffb96d0000 - 0x00007fffb9773000 	C:\WINDOWS\System32\msvcp_win.dll
0x00007fffbae20000 - 0x00007fffbae4f000 	C:\WINDOWS\System32\IMM32.DLL
0x00007fffaed40000 - 0x00007fffaed4c000 	C:\Program Files\Android\Android Studio\jbr\bin\vcruntime140_1.dll
0x00007fff76700000 - 0x00007fff7678d000 	C:\Program Files\Android\Android Studio\jbr\bin\msvcp140.dll
0x00007fff47f90000 - 0x00007fff48c13000 	C:\Program Files\Android\Android Studio\jbr\bin\server\jvm.dll
0x00007fffba760000 - 0x00007fffba814000 	C:\WINDOWS\System32\ADVAPI32.dll
0x00007fffbbb60000 - 0x00007fffbbc06000 	C:\WINDOWS\System32\sechost.dll
0x00007fffbba40000 - 0x00007fffbbb56000 	C:\WINDOWS\System32\RPCRT4.dll
0x00007fff9e8d0000 - 0x00007fff9e8da000 	C:\WINDOWS\SYSTEM32\WSOCK32.dll
0x00007fffb8160000 - 0x00007fffb81ae000 	C:\WINDOWS\SYSTEM32\POWRPROF.dll
0x00007fffba6e0000 - 0x00007fffba754000 	C:\WINDOWS\System32\WS2_32.dll
0x00007fffa0f90000 - 0x00007fffa0fc6000 	C:\WINDOWS\SYSTEM32\WINMM.dll
0x00007fffa2270000 - 0x00007fffa227b000 	C:\WINDOWS\SYSTEM32\VERSION.dll
0x00007fffb8140000 - 0x00007fffb8154000 	C:\WINDOWS\SYSTEM32\UMPDC.dll
0x00007fffb8400000 - 0x00007fffb841a000 	C:\WINDOWS\SYSTEM32\kernel.appcore.dll
0x00007fffb1b00000 - 0x00007fffb1b0a000 	C:\Program Files\Android\Android Studio\jbr\bin\jimage.dll
0x00007fffb6580000 - 0x00007fffb67c1000 	C:\WINDOWS\SYSTEM32\DBGHELP.DLL
0x00007fffba310000 - 0x00007fffba68e000 	C:\WINDOWS\System32\combase.dll
0x00007fffba9f0000 - 0x00007fffbaac6000 	C:\WINDOWS\System32\OLEAUT32.dll
0x00007fff990a0000 - 0x00007fff990d9000 	C:\WINDOWS\SYSTEM32\dbgcore.DLL
0x00007fffb9630000 - 0x00007fffb96c9000 	C:\WINDOWS\System32\bcryptPrimitives.dll
0x00007fffaecf0000 - 0x00007fffaed15000 	C:\Program Files\Android\Android Studio\jbr\bin\java.dll

dbghelp: loaded successfully - version: 4.0.5 - missing functions: none
symbol engine: initialized successfully - sym options: 0x614 - pdb path: .;C:\Program Files\Android\Android Studio\jbr\bin;C:\WINDOWS\SYSTEM32;C:\WINDOWS\WinSxS\amd64_microsoft.windows.common-controls_6595b64144ccf1df_6.0.26100.2454_none_3e0b68a2e331ad60;C:\Program Files\Android\Android Studio\jbr\bin\server

VM Arguments:
java_command: org.jetbrains.kotlin.cli.jvm.K2JVMCompiler @C:\Users\KIIT\Desktop\Kotlin\Android\Crop Prediction App\app\build\20241227_6572503456650235911.compiler.options
java_class_path (initial): C:\Users\KIIT\.gradle\caches\modules-2\files-2.1\org.jetbrains.kotlin\kotlin-compiler-embeddable\1.9.0\2c8c3a7402becca891f12739b3e9fd2dc2adbd7a\kotlin-compiler-embeddable-1.9.0.jar;C:\Users\KIIT\.gradle\caches\modules-2\files-2.1\org.jetbrains.kotlin\kotlin-stdlib\1.9.0\8ee15ef0c67dc83d874f412d84378d7f0eb50b63\kotlin-stdlib-1.9.0.jar;C:\Users\KIIT\.gradle\caches\modules-2\files-2.1\org.jetbrains.kotlin\kotlin-script-runtime\1.9.0\4b3102cbbb7e1b58d9d1adf89563f00069ffa7d1\kotlin-script-runtime-1.9.0.jar;C:\Users\KIIT\.gradle\caches\modules-2\files-2.1\org.jetbrains.kotlin\kotlin-reflect\1.6.10\1cbe9c92c12a94eea200d23c2bbaedaf3daf5132\kotlin-reflect-1.6.10.jar;C:\Users\KIIT\.gradle\caches\modules-2\files-2.1\org.jetbrains.kotlin\kotlin-daemon-embeddable\1.9.0\186543f5e28cf8d9a0290fecc2cf34301c40a65c\kotlin-daemon-embeddable-1.9.0.jar;C:\Users\KIIT\.gradle\caches\modules-2\files-2.1\org.jetbrains.intellij.deps\trove4j\1.0.20200330\3afb14d5f9ceb459d724e907a21145e8ff394f02\trove4j-1.0.20200330.jar;C:\Users\KIIT\.gradle\caches\modules-2\files-2.1\org.jetbrains.kotlin\kotlin-stdlib-common\1.9.0\cd65c21cfd1eec4d44ef09f9f52b6d9f8a720636\kotlin-stdlib-common-1.9.0.jar;C:\Users\KIIT\.gradle\caches\modules-2\files-2.1\org.jetbrains\annotations\13.0\919f0dfe192fb4e063e7dacadee7f8bb9a2672a9\annotations-13.0.jar
Launcher Type: SUN_STANDARD

[Global flags]
     intx CICompilerCount                          = 4                                         {product} {ergonomic}
     uint ConcGCThreads                            = 2                                         {product} {ergonomic}
     uint G1ConcRefinementThreads                  = 8                                         {product} {ergonomic}
   size_t G1HeapRegionSize                         = 2097152                                   {product} {ergonomic}
    uintx GCDrainStackTargetSize                   = 64                                        {product} {ergonomic}
   size_t InitialHeapSize                          = 262144000                                 {product} {ergonomic}
   size_t MarkStackSize                            = 4194304                                   {product} {ergonomic}
   size_t MaxHeapSize                              = 4177526784                                {product} {ergonomic}
   size_t MinHeapDeltaBytes                        = 2097152                                   {product} {ergonomic}
   size_t MinHeapSize                              = 8388608                                   {product} {ergonomic}
    uintx NonNMethodCodeHeapSize                   = 5839372                                {pd product} {ergonomic}
    uintx NonProfiledCodeHeapSize                  = 122909434                              {pd product} {ergonomic}
    uintx ProfiledCodeHeapSize                     = 122909434                              {pd product} {ergonomic}
    uintx ReservedCodeCacheSize                    = 251658240                              {pd product} {ergonomic}
     bool SegmentedCodeCache                       = true                                      {product} {ergonomic}
   size_t SoftMaxHeapSize                          = 4177526784                             {manageable} {ergonomic}
     bool UseCompressedClassPointers               = true                           {product lp64_product} {ergonomic}
     bool UseCompressedOops                        = true                           {product lp64_product} {ergonomic}
     bool UseG1GC                                  = true                                      {product} {ergonomic}
     bool UseLargePagesIndividualAllocation        = false                                  {pd product} {ergonomic}

Logging:
Log output configuration:
 #0: stdout all=warning uptime,level,tags
 #1: stderr all=off uptime,level,tags

Environment Variables:
JAVA_HOME=C:\Program Files\Java\jdk-22
CLASSPATH=C:\mysql-connector-j-8.3.0.jar;.;
PATH=C:\Program Files\Java\jdk-23.0.1\bin;C:\Program Files\Java\jdk-22\bin;C:\Program Files\Eclipse Adoptium\jdk-17.0.6.10-hotspot\bin;C:\oraclexe\app\oracle\product\11.2.0\server\bin;C:\Program Files\Common Files\Oracle\Java\javapath;C:\Program Files (x86)\Common Files\Oracle\Java\java8path;C:\Program Files (x86)\Common Files\Oracle\Java\javapath;C:\WINDOWS\system32;C:\WINDOWS;C:\WINDOWS\System32\Wbem;C:\WINDOWS\System32\WindowsPowerShell\v1.0\;C:\WINDOWS\System32\OpenSSH\;C:\Program Files\dotnet\;C:\MinGW\bin;C:\ProgramData\chocolatey\bin;C:\Program Files\nodejs\;C:\Users\KIIT\Downloads\gcc-13.1.0-no-debug\bin;C:\Program Files (x86)\Microsoft SQL Server\160\DTS\Binn\;C:\Program Files\Azure Data Studio\bin;C:\Program Files (x86)\Microsoft SQL Server\160\Tools\Binn\;C:\Program Files\Microsoft SQL Server\160\Tools\Binn\;C:\Program Files\Microsoft SQL Server\Client SDK\ODBC\170\Tools\Binn\;C:\Program Files\Microsoft SQL Server\160\DTS\Binn\;C:\Program Files\MySQL\MySQL Server 8.0\bin;C:\Program Files\Git\cmd;C:\Users\KIIT\Downloads\apache-maven-3.9.7-bin (1)\apache-maven-3.9.7\bin;C:\Program Files\LLVM\bin;C:\Program Files\Docker\Docker\resources\bin;C:\Program Files\MongoDB\Server\7.0\bin;C:\Users\KIIT\Downloads\mongosh-2.2.10-win32-x64\mongosh-2.2.10-win32-x64\bin;C:\Program Files\CMake\bin;C:\Users\KIIT\Downloads\opencv\build\x64\vc16\bin;C:\Users\KIIT\Downloads\opencv\build\x64\vc16\lib;C:\Users\KIIT\Downloads\ninja-win;C:\Program Files\PostgreSQL\16\bin;C:\Users\KIIT\AppData\Local\Packages\PythonSoftwareFoundation.Python.3.11_qbz5n2kfra8p0\LocalCache\local-packages\Python311\Scripts;C:\Gradle\gradle-8.10\bin;C:\Program Files\PowerShell\7\;C:\Users\KIIT\Downloads\apache-tomcat-10.1.33\apache-tomcat-10.1.33\bin;C:\Users\KIIT\anaconda3\condabin;C:\Program Files\MySQL\MySQL Shell 8.0\bin\;C:\Users\KIIT\AppData\Local\Microsoft\WindowsApps;C:\MinGW\bin;C:\Users\KIIT\AppData\Local\Programs\Microsoft VS Code\bin;C:\Users\KIIT\.dotnet\tools;C:\Users\KIIT\AppData\Local\GitHub
USERNAME=KIIT
OS=Windows_NT
PROCESSOR_IDENTIFIER=Intel64 Family 6 Model 140 Stepping 1, GenuineIntel
TMP=C:\Users\KIIT\AppData\Local\Temp
TEMP=C:\Users\KIIT\AppData\Local\Temp



Periodic native trim disabled

JNI global refs:
JNI global refs: 0, weak refs: 0

JNI global refs memory usage: 0, weak refs: 0

Process memory usage:
Resident Set Size: 12700K (0% of 16313596K total physical memory with 4345588K free physical memory)

OOME stack traces (most recent first):
Classloader memory used:


---------------  S Y S T E M  ---------------

OS:
 Windows 11 , 64 bit Build 26100 (10.0.26100.2454)
OS uptime: 1 days 6:12 hours
Hyper-V role detected

CPU: total 8 (initial active 8) (4 cores per cpu, 2 threads per core) family 6 model 140 stepping 1 microcode 0x9a, cx8, cmov, fxsr, ht, mmx, 3dnowpref, sse, sse2, sse3, ssse3, sse4.1, sse4.2, popcnt, lzcnt, tsc, tscinvbit, avx, avx2, aes, erms, clmul, bmi1, bmi2, adx, avx512f, avx512dq, avx512cd, avx512bw, avx512vl, sha, fma, vzeroupper, avx512_vpopcntdq, avx512_vpclmulqdq, avx512_vaes, avx512_vnni, clflush, clflushopt, clwb, avx512_vbmi2, avx512_vbmi, hv
Processor Information for processor 0
  Max Mhz: 2803, Current Mhz: 1001, Mhz Limit: 2803
Processor Information for processor 1
  Max Mhz: 2803, Current Mhz: 2803, Mhz Limit: 2803
Processor Information for processor 2
  Max Mhz: 2803, Current Mhz: 1001, Mhz Limit: 2803
Processor Information for processor 3
  Max Mhz: 2803, Current Mhz: 1001, Mhz Limit: 2803
Processor Information for processor 4
  Max Mhz: 2803, Current Mhz: 1001, Mhz Limit: 2803
Processor Information for processor 5
  Max Mhz: 2803, Current Mhz: 2803, Mhz Limit: 2803
Processor Information for processor 6
  Max Mhz: 2803, Current Mhz: 1001, Mhz Limit: 2803
Processor Information for processor 7
  Max Mhz: 2803, Current Mhz: 2803, Mhz Limit: 2803

Memory: 4k page, system-wide physical 15931M (4243M free)
TotalPageFile size 15931M (AvailPageFile size 36M)
current process WorkingSet (physical memory assigned to process): 12M, peak: 12M
current process commit charge ("private bytes"): 52M, peak: 53M

vm_info: OpenJDK 64-Bit Server VM (17.0.11+0--11852314) for windows-amd64 JRE (17.0.11+0--11852314), built on May 16 2024 21:29:20 by "androidbuild" with MS VC++ 16.10 / 16.11 (VS2019)

END.
